<?xml version="1.0" encoding="UTF-8"?>
<!-- Generated by org.testng.reporters.JUnitReportReporter -->
<testsuite hostname="Prasad" failures="0" tests="4" name="com.Guru99.Scripts.TC_lg_001" time="57.116" errors="0" timestamp="2021-09-03T22:16:57 IST" skipped="0">
  <testcase classname="com.Guru99.Scripts.TC_lg_001" name="LoginTest" time="16.390"/>
  <system-out/>
  <testcase classname="com.Guru99.Scripts.TC_lg_001" name="LoginTest" time="8.845"/>
  <system-out/>
  <testcase classname="com.Guru99.Scripts.TC_lg_001" name="LoginTest" time="7.708"/>
  <system-out/>
  <testcase classname="com.Guru99.Scripts.TC_lg_001" name="LoginTest" time="24.173"/>
  <system-out/>
</testsuite> <!-- com.Guru99.Scripts.TC_lg_001 -->
